

Started GET "/" for 127.0.0.1 at 2015-11-28 22:33:26 -0500

ActiveRecord::NoDatabaseError (FATAL:  database "mytodo01_development" does not exist
):
  activerecord (4.2.4) lib/active_record/connection_adapters/postgresql_adapter.rb:665:in `rescue in connect'
  activerecord (4.2.4) lib/active_record/connection_adapters/postgresql_adapter.rb:655:in `connect'
  activerecord (4.2.4) lib/active_record/connection_adapters/postgresql_adapter.rb:242:in `initialize'
  activerecord (4.2.4) lib/active_record/connection_adapters/postgresql_adapter.rb:44:in `new'
  activerecord (4.2.4) lib/active_record/connection_adapters/postgresql_adapter.rb:44:in `postgresql_connection'
  activerecord (4.2.4) lib/active_record/connection_adapters/abstract/connection_pool.rb:438:in `new_connection'
  activerecord (4.2.4) lib/active_record/connection_adapters/abstract/connection_pool.rb:448:in `checkout_new_connection'
  activerecord (4.2.4) lib/active_record/connection_adapters/abstract/connection_pool.rb:422:in `acquire_connection'
  activerecord (4.2.4) lib/active_record/connection_adapters/abstract/connection_pool.rb:349:in `block in checkout'
  /home/wan/.rbenv/versions/2.2.3/lib/ruby/2.2.0/monitor.rb:211:in `mon_synchronize'
  activerecord (4.2.4) lib/active_record/connection_adapters/abstract/connection_pool.rb:348:in `checkout'
  activerecord (4.2.4) lib/active_record/connection_adapters/abstract/connection_pool.rb:263:in `block in connection'
  /home/wan/.rbenv/versions/2.2.3/lib/ruby/2.2.0/monitor.rb:211:in `mon_synchronize'
  activerecord (4.2.4) lib/active_record/connection_adapters/abstract/connection_pool.rb:262:in `connection'
  activerecord (4.2.4) lib/active_record/connection_adapters/abstract/connection_pool.rb:571:in `retrieve_connection'
  activerecord (4.2.4) lib/active_record/connection_handling.rb:113:in `retrieve_connection'
  activerecord (4.2.4) lib/active_record/connection_handling.rb:87:in `connection'
  activerecord (4.2.4) lib/active_record/migration.rb:383:in `connection'
  activerecord (4.2.4) lib/active_record/migration.rb:370:in `call'
  actionpack (4.2.4) lib/action_dispatch/middleware/callbacks.rb:29:in `block in call'
  activesupport (4.2.4) lib/active_support/callbacks.rb:88:in `__run_callbacks__'
  activesupport (4.2.4) lib/active_support/callbacks.rb:778:in `_run_call_callbacks'
  activesupport (4.2.4) lib/active_support/callbacks.rb:81:in `run_callbacks'
  actionpack (4.2.4) lib/action_dispatch/middleware/callbacks.rb:27:in `call'
  actionpack (4.2.4) lib/action_dispatch/middleware/reloader.rb:73:in `call'
  actionpack (4.2.4) lib/action_dispatch/middleware/remote_ip.rb:78:in `call'
  actionpack (4.2.4) lib/action_dispatch/middleware/debug_exceptions.rb:17:in `call'
  web-console (2.2.1) lib/web_console/middleware.rb:39:in `call'
  actionpack (4.2.4) lib/action_dispatch/middleware/show_exceptions.rb:30:in `call'
  railties (4.2.4) lib/rails/rack/logger.rb:38:in `call_app'
  railties (4.2.4) lib/rails/rack/logger.rb:20:in `block in call'
  activesupport (4.2.4) lib/active_support/tagged_logging.rb:68:in `block in tagged'
  activesupport (4.2.4) lib/active_support/tagged_logging.rb:26:in `tagged'
  activesupport (4.2.4) lib/active_support/tagged_logging.rb:68:in `tagged'
  railties (4.2.4) lib/rails/rack/logger.rb:20:in `call'
  actionpack (4.2.4) lib/action_dispatch/middleware/request_id.rb:21:in `call'
  rack (1.6.4) lib/rack/methodoverride.rb:22:in `call'
  rack (1.6.4) lib/rack/runtime.rb:18:in `call'
  activesupport (4.2.4) lib/active_support/cache/strategy/local_cache_middleware.rb:28:in `call'
  rack (1.6.4) lib/rack/lock.rb:17:in `call'
  actionpack (4.2.4) lib/action_dispatch/middleware/static.rb:116:in `call'
  rack (1.6.4) lib/rack/sendfile.rb:113:in `call'
  railties (4.2.4) lib/rails/engine.rb:518:in `call'
  railties (4.2.4) lib/rails/application.rb:165:in `call'
  rack (1.6.4) lib/rack/lock.rb:17:in `call'
  rack (1.6.4) lib/rack/content_length.rb:15:in `call'
  rack (1.6.4) lib/rack/handler/webrick.rb:88:in `service'
  /home/wan/.rbenv/versions/2.2.3/lib/ruby/2.2.0/webrick/httpserver.rb:138:in `service'
  /home/wan/.rbenv/versions/2.2.3/lib/ruby/2.2.0/webrick/httpserver.rb:94:in `run'
  /home/wan/.rbenv/versions/2.2.3/lib/ruby/2.2.0/webrick/server.rb:294:in `block in start_thread'


  Rendered /home/wan/.rbenv/versions/2.2.3/lib/ruby/gems/2.2.0/gems/actionpack-4.2.4/lib/action_dispatch/middleware/templates/rescues/_source.erb (2.0ms)
  Rendered /home/wan/.rbenv/versions/2.2.3/lib/ruby/gems/2.2.0/gems/actionpack-4.2.4/lib/action_dispatch/middleware/templates/rescues/_trace.html.erb (1.1ms)
  Rendered /home/wan/.rbenv/versions/2.2.3/lib/ruby/gems/2.2.0/gems/actionpack-4.2.4/lib/action_dispatch/middleware/templates/rescues/_request_and_response.html.erb (0.6ms)
  Rendered /home/wan/.rbenv/versions/2.2.3/lib/ruby/gems/2.2.0/gems/actionpack-4.2.4/lib/action_dispatch/middleware/templates/rescues/diagnostics.html.erb within rescues/layout (16.6ms)
  Rendered /home/wan/.rbenv/versions/2.2.3/lib/ruby/gems/2.2.0/gems/web-console-2.2.1/lib/web_console/templates/_markup.html.erb (0.3ms)
  Rendered /home/wan/.rbenv/versions/2.2.3/lib/ruby/gems/2.2.0/gems/web-console-2.2.1/lib/web_console/templates/_inner_console_markup.html.erb within layouts/inlined_string (0.2ms)
  Rendered /home/wan/.rbenv/versions/2.2.3/lib/ruby/gems/2.2.0/gems/web-console-2.2.1/lib/web_console/templates/_prompt_box_markup.html.erb within layouts/inlined_string (0.2ms)
  Rendered /home/wan/.rbenv/versions/2.2.3/lib/ruby/gems/2.2.0/gems/web-console-2.2.1/lib/web_console/templates/style.css.erb within layouts/inlined_string (0.2ms)
  Rendered /home/wan/.rbenv/versions/2.2.3/lib/ruby/gems/2.2.0/gems/web-console-2.2.1/lib/web_console/templates/console.js.erb within layouts/javascript (12.6ms)
  Rendered /home/wan/.rbenv/versions/2.2.3/lib/ruby/gems/2.2.0/gems/web-console-2.2.1/lib/web_console/templates/main.js.erb within layouts/javascript (0.2ms)
  Rendered /home/wan/.rbenv/versions/2.2.3/lib/ruby/gems/2.2.0/gems/web-console-2.2.1/lib/web_console/templates/error_page.js.erb within layouts/javascript (0.5ms)
  Rendered /home/wan/.rbenv/versions/2.2.3/lib/ruby/gems/2.2.0/gems/web-console-2.2.1/lib/web_console/templates/index.html.erb (29.3ms)
  [1m[36m (73.9ms)[0m  [1mCREATE TABLE "schema_migrations" ("version" character varying NOT NULL) [0m
  [1m[35m (64.9ms)[0m  CREATE UNIQUE INDEX  "unique_schema_migrations" ON "schema_migrations"  ("version")
  [1m[36mActiveRecord::SchemaMigration Load (0.2ms)[0m  [1mSELECT "schema_migrations".* FROM "schema_migrations"[0m
Migrating to CreateTodos (20151129032920)
  [1m[35m (0.1ms)[0m  BEGIN
  [1m[36m (113.0ms)[0m  [1mCREATE TABLE "todos" ("id" serial primary key, "user" character varying, "content" character varying, "decision" character varying, "done" character varying, "created_at" timestamp NOT NULL, "updated_at" timestamp NOT NULL) [0m
  [1m[35mSQL (0.3ms)[0m  INSERT INTO "schema_migrations" ("version") VALUES ($1)  [["version", "20151129032920"]]
  [1m[36m (30.5ms)[0m  [1mCOMMIT[0m
  [1m[35mActiveRecord::SchemaMigration Load (0.1ms)[0m  SELECT "schema_migrations".* FROM "schema_migrations"
  [1m[36m (1.9ms)[0m  [1mSELECT t2.oid::regclass::text AS to_table, a1.attname AS column, a2.attname AS primary_key, c.conname AS name, c.confupdtype AS on_update, c.confdeltype AS on_delete
FROM pg_constraint c
JOIN pg_class t1 ON c.conrelid = t1.oid
JOIN pg_class t2 ON c.confrelid = t2.oid
JOIN pg_attribute a1 ON a1.attnum = c.conkey[1] AND a1.attrelid = t1.oid
JOIN pg_attribute a2 ON a2.attnum = c.confkey[1] AND a2.attrelid = t2.oid
JOIN pg_namespace t3 ON c.connamespace = t3.oid
WHERE c.contype = 'f'
  AND t1.relname = 'todos'
  AND t3.nspname = ANY (current_schemas(false))
ORDER BY c.conname
[0m


Started GET "/" for 127.0.0.1 at 2015-11-28 22:34:10 -0500
  [1m[36mActiveRecord::SchemaMigration Load (0.3ms)[0m  [1mSELECT "schema_migrations".* FROM "schema_migrations"[0m
Processing by Rails::WelcomeController#index as HTML
  Rendered /home/wan/.rbenv/versions/2.2.3/lib/ruby/gems/2.2.0/gems/railties-4.2.4/lib/rails/templates/rails/welcome/index.html.erb (2.1ms)
Completed 200 OK in 27ms (Views: 19.0ms | ActiveRecord: 0.0ms)


Started GET "/index" for 127.0.0.1 at 2015-11-28 22:34:20 -0500

ActionController::RoutingError (No route matches [GET] "/index"):
  actionpack (4.2.4) lib/action_dispatch/middleware/debug_exceptions.rb:21:in `call'
  web-console (2.2.1) lib/web_console/middleware.rb:39:in `call'
  actionpack (4.2.4) lib/action_dispatch/middleware/show_exceptions.rb:30:in `call'
  railties (4.2.4) lib/rails/rack/logger.rb:38:in `call_app'
  railties (4.2.4) lib/rails/rack/logger.rb:20:in `block in call'
  activesupport (4.2.4) lib/active_support/tagged_logging.rb:68:in `block in tagged'
  activesupport (4.2.4) lib/active_support/tagged_logging.rb:26:in `tagged'
  activesupport (4.2.4) lib/active_support/tagged_logging.rb:68:in `tagged'
  railties (4.2.4) lib/rails/rack/logger.rb:20:in `call'
  actionpack (4.2.4) lib/action_dispatch/middleware/request_id.rb:21:in `call'
  rack (1.6.4) lib/rack/methodoverride.rb:22:in `call'
  rack (1.6.4) lib/rack/runtime.rb:18:in `call'
  activesupport (4.2.4) lib/active_support/cache/strategy/local_cache_middleware.rb:28:in `call'
  rack (1.6.4) lib/rack/lock.rb:17:in `call'
  actionpack (4.2.4) lib/action_dispatch/middleware/static.rb:116:in `call'
  rack (1.6.4) lib/rack/sendfile.rb:113:in `call'
  railties (4.2.4) lib/rails/engine.rb:518:in `call'
  railties (4.2.4) lib/rails/application.rb:165:in `call'
  rack (1.6.4) lib/rack/lock.rb:17:in `call'
  rack (1.6.4) lib/rack/content_length.rb:15:in `call'
  rack (1.6.4) lib/rack/handler/webrick.rb:88:in `service'
  /home/wan/.rbenv/versions/2.2.3/lib/ruby/2.2.0/webrick/httpserver.rb:138:in `service'
  /home/wan/.rbenv/versions/2.2.3/lib/ruby/2.2.0/webrick/httpserver.rb:94:in `run'
  /home/wan/.rbenv/versions/2.2.3/lib/ruby/2.2.0/webrick/server.rb:294:in `block in start_thread'


  Rendered /home/wan/.rbenv/versions/2.2.3/lib/ruby/gems/2.2.0/gems/actionpack-4.2.4/lib/action_dispatch/middleware/templates/rescues/_trace.html.erb (0.9ms)
  Rendered /home/wan/.rbenv/versions/2.2.3/lib/ruby/gems/2.2.0/gems/actionpack-4.2.4/lib/action_dispatch/middleware/templates/routes/_route.html.erb (0.9ms)
  Rendered /home/wan/.rbenv/versions/2.2.3/lib/ruby/gems/2.2.0/gems/actionpack-4.2.4/lib/action_dispatch/middleware/templates/routes/_table.html.erb (41.1ms)
  Rendered /home/wan/.rbenv/versions/2.2.3/lib/ruby/gems/2.2.0/gems/actionpack-4.2.4/lib/action_dispatch/middleware/templates/rescues/_request_and_response.html.erb (0.7ms)
  Rendered /home/wan/.rbenv/versions/2.2.3/lib/ruby/gems/2.2.0/gems/actionpack-4.2.4/lib/action_dispatch/middleware/templates/rescues/routing_error.html.erb within rescues/layout (178.6ms)
  Rendered /home/wan/.rbenv/versions/2.2.3/lib/ruby/gems/2.2.0/gems/web-console-2.2.1/lib/web_console/templates/_markup.html.erb (0.3ms)
  Rendered /home/wan/.rbenv/versions/2.2.3/lib/ruby/gems/2.2.0/gems/web-console-2.2.1/lib/web_console/templates/_inner_console_markup.html.erb within layouts/inlined_string (0.3ms)
  Rendered /home/wan/.rbenv/versions/2.2.3/lib/ruby/gems/2.2.0/gems/web-console-2.2.1/lib/web_console/templates/_prompt_box_markup.html.erb within layouts/inlined_string (0.2ms)
  Rendered /home/wan/.rbenv/versions/2.2.3/lib/ruby/gems/2.2.0/gems/web-console-2.2.1/lib/web_console/templates/style.css.erb within layouts/inlined_string (0.2ms)
  Rendered /home/wan/.rbenv/versions/2.2.3/lib/ruby/gems/2.2.0/gems/web-console-2.2.1/lib/web_console/templates/console.js.erb within layouts/javascript (12.4ms)
  Rendered /home/wan/.rbenv/versions/2.2.3/lib/ruby/gems/2.2.0/gems/web-console-2.2.1/lib/web_console/templates/main.js.erb within layouts/javascript (0.2ms)
  Rendered /home/wan/.rbenv/versions/2.2.3/lib/ruby/gems/2.2.0/gems/web-console-2.2.1/lib/web_console/templates/error_page.js.erb within layouts/javascript (0.3ms)
  Rendered /home/wan/.rbenv/versions/2.2.3/lib/ruby/gems/2.2.0/gems/web-console-2.2.1/lib/web_console/templates/index.html.erb (25.6ms)


Started GET "/todos" for 127.0.0.1 at 2015-11-28 22:34:31 -0500
Processing by TodosController#index as HTML
  [1m[35mTodo Load (0.3ms)[0m  SELECT "todos".* FROM "todos"
  Rendered todos/index.html.erb within layouts/application (2.4ms)
Completed 200 OK in 1118ms (Views: 1114.6ms | ActiveRecord: 0.8ms)


Started GET "/assets/scaffolds.self-9dd2bbda46f9409ce7c639d20e514c24a82662dff2145e45d77bde93b6e559d3.css?body=1" for 127.0.0.1 at 2015-11-28 22:34:32 -0500


Started GET "/todos/new" for 127.0.0.1 at 2015-11-28 22:34:38 -0500
Processing by TodosController#new as HTML
  Rendered todos/_form.html.erb (59.8ms)
  Rendered todos/new.html.erb within layouts/application (66.0ms)
Completed 200 OK in 144ms (Views: 136.9ms | ActiveRecord: 1.1ms)


Started POST "/todos" for 127.0.0.1 at 2015-11-28 22:35:02 -0500
Processing by TodosController#create as HTML
  Parameters: {"utf8"=>"✓", "authenticity_token"=>"RwZ9dWXygslsoEyEwEgBIJFBP029ViGjMIUUFmHJuDwiCvbz7xK3ZMsyRTFfApABUG02O8wk6+l8PNqZGt9c5w==", "todo"=>{"user"=>"Wan", "content"=>"coding+++++++++", "decision"=>"allwo", "done"=>"no"}, "commit"=>"Create Todo"}
  [1m[36m (0.1ms)[0m  [1mBEGIN[0m
  [1m[35mSQL (0.3ms)[0m  INSERT INTO "todos" ("user", "content", "decision", "done", "created_at", "updated_at") VALUES ($1, $2, $3, $4, $5, $6) RETURNING "id"  [["user", "Wan"], ["content", "coding+++++++++"], ["decision", "allwo"], ["done", "no"], ["created_at", "2015-11-29 03:35:02.580609"], ["updated_at", "2015-11-29 03:35:02.580609"]]
  [1m[36m (26.1ms)[0m  [1mCOMMIT[0m
Redirected to http://localhost:3000/todos/1
Completed 302 Found in 32ms (ActiveRecord: 26.5ms)


Started GET "/todos/1" for 127.0.0.1 at 2015-11-28 22:35:02 -0500
Processing by TodosController#show as HTML
  Parameters: {"id"=>"1"}
  [1m[35mTodo Load (0.2ms)[0m  SELECT  "todos".* FROM "todos" WHERE "todos"."id" = $1 LIMIT 1  [["id", 1]]
  Rendered todos/show.html.erb within layouts/application (0.8ms)
Completed 200 OK in 178ms (Views: 66.8ms | ActiveRecord: 0.2ms)


Started GET "/todos" for 127.0.0.1 at 2015-11-28 22:35:27 -0500
Processing by TodosController#index as HTML
  [1m[36mTodo Load (0.2ms)[0m  [1mSELECT "todos".* FROM "todos"[0m
  Rendered todos/index.html.erb within layouts/application (2.0ms)
Completed 200 OK in 71ms (Views: 70.2ms | ActiveRecord: 0.2ms)


Started GET "/todos/new" for 127.0.0.1 at 2015-11-28 22:35:28 -0500
Processing by TodosController#new as HTML
  Rendered todos/_form.html.erb (2.9ms)
  Rendered todos/new.html.erb within layouts/application (6.8ms)
Completed 200 OK in 84ms (Views: 82.4ms | ActiveRecord: 0.0ms)


Started POST "/todos" for 127.0.0.1 at 2015-11-28 22:35:59 -0500
Processing by TodosController#create as HTML
  Parameters: {"utf8"=>"✓", "authenticity_token"=>"M2udTMyAzop1tquGjpISdDeh5mItFoIg90mlzZo7gzBWZxbKRmD7J9IkojMR2INV9o3vFFxkSGq78GtC4S1n6w==", "todo"=>{"user"=>"Lim", "content"=>"programming +++++++++", "decision"=>"allow", "done"=>"no"}, "commit"=>"Create Todo"}
  [1m[35m (0.1ms)[0m  BEGIN
  [1m[36mSQL (0.3ms)[0m  [1mINSERT INTO "todos" ("user", "content", "decision", "done", "created_at", "updated_at") VALUES ($1, $2, $3, $4, $5, $6) RETURNING "id"[0m  [["user", "Lim"], ["content", "programming +++++++++"], ["decision", "allow"], ["done", "no"], ["created_at", "2015-11-29 03:35:59.103888"], ["updated_at", "2015-11-29 03:35:59.103888"]]
  [1m[35m (51.0ms)[0m  COMMIT
Redirected to http://localhost:3000/todos/2
Completed 302 Found in 56ms (ActiveRecord: 51.4ms)


Started GET "/todos/2" for 127.0.0.1 at 2015-11-28 22:35:59 -0500
Processing by TodosController#show as HTML
  Parameters: {"id"=>"2"}
  [1m[36mTodo Load (0.2ms)[0m  [1mSELECT  "todos".* FROM "todos" WHERE "todos"."id" = $1 LIMIT 1[0m  [["id", 2]]
  Rendered todos/show.html.erb within layouts/application (0.7ms)
Completed 200 OK in 73ms (Views: 71.7ms | ActiveRecord: 0.2ms)


Started GET "/todos/" for 127.0.0.1 at 2015-11-28 22:36:26 -0500
Processing by TodosController#index as HTML
  [1m[35mTodo Load (0.3ms)[0m  SELECT "todos".* FROM "todos"
  Rendered todos/index.html.erb within layouts/application (1.7ms)
Completed 200 OK in 72ms (Views: 71.2ms | ActiveRecord: 0.3ms)


Started GET "/" for 127.0.0.1 at 2015-11-28 23:53:12 -0500
  [1m[36mActiveRecord::SchemaMigration Load (0.7ms)[0m  [1mSELECT "schema_migrations".* FROM "schema_migrations"[0m
Processing by Rails::WelcomeController#index as HTML
  Rendered /home/wan/.rbenv/versions/2.2.3/lib/ruby/gems/2.2.0/gems/railties-4.2.4/lib/rails/templates/rails/welcome/index.html.erb (1.6ms)
Completed 200 OK in 17ms (Views: 8.0ms | ActiveRecord: 0.0ms)


Started GET "/todos" for 127.0.0.1 at 2015-11-28 23:53:23 -0500
Processing by TodosController#index as HTML
  [1m[35mTodo Load (0.3ms)[0m  SELECT "todos".* FROM "todos"
  Rendered todos/index.html.erb within layouts/application (8.1ms)
Completed 200 OK in 183ms (Views: 177.8ms | ActiveRecord: 2.0ms)
